build/app/outputs/mapping/r8/release/mapping.txt
# compiler: R8
# compiler_version: 1.3.54
# min_api: 21
com.app.thought_factory.shop_owner.MainActivity -> com.app.thought_factory.shop_owner.MainActivity:
    int LAUNCH_SECOND_ACTIVITY -> f
    java.lang.String CHANNEL -> e
    1:3:void <init>():27:29 -> <init>
    1:2:void onActivityResult(int,int,android.content.Intent):172:173 -> onActivityResult
    3:3:void onActivityResult(int,int,android.content.Intent):175:175 -> onActivityResult
    4:5:void onActivityResult(int,int,android.content.Intent):180:181 -> onActivityResult
    6:6:void onActivityResult(int,int,android.content.Intent):179:179 -> onActivityResult
    7:7:void onActivityResult(int,int,android.content.Intent):183:183 -> onActivityResult
    1:2:void onCreate(android.os.Bundle):32:33 -> onCreate
    3:4:void onCreate(android.os.Bundle):36:37 -> onCreate
    5:5:void onCreate(android.os.Bundle):46:46 -> onCreate
com.app.thought_factory.shop_owner.MainActivity$onCreate$1 -> com.app.thought_factory.shop_owner.a:
    com.app.thought_factory.shop_owner.MainActivity this$0 -> a
    1:1:void <init>(com.app.thought_factory.shop_owner.MainActivity):37:37 -> <init>
    1:3:void onGlobalLayout():39:41 -> onGlobalLayout
com.app.thought_factory.shop_owner.MainActivity$onCreate$2 -> com.app.thought_factory.shop_owner.d:
    com.app.thought_factory.shop_owner.MainActivity this$0 -> a
    1:2:void onMethodCall(io.flutter.plugin.common.MethodCall,io.flutter.plugin.common.MethodChannel$Result):47:48 -> a
    3:3:void onMethodCall(io.flutter.plugin.common.MethodCall,io.flutter.plugin.common.MethodChannel$Result):71:71 -> a
    4:6:void onMethodCall(io.flutter.plugin.common.MethodCall,io.flutter.plugin.common.MethodChannel$Result):73:75 -> a
    7:7:void onMethodCall(io.flutter.plugin.common.MethodCall,io.flutter.plugin.common.MethodChannel$Result):78:78 -> a
    8:8:void onMethodCall(io.flutter.plugin.common.MethodCall,io.flutter.plugin.common.MethodChannel$Result):100:100 -> a
    9:9:void onMethodCall(io.flutter.plugin.common.MethodCall,io.flutter.plugin.common.MethodChannel$Result):102:102 -> a
    10:10:void onMethodCall(io.flutter.plugin.common.MethodCall,io.flutter.plugin.common.MethodChannel$Result):166:166 -> a
com.app.thought_factory.shop_owner.MainActivity$onCreate$2$1 -> com.app.thought_factory.shop_owner.b:
    java.util.Map $arg -> b
    1:16:com.app.thought_factory.shop_owner.request_response.request_payment.DetailsRequest invoke():79:94 -> a
    17:17:com.app.thought_factory.shop_owner.request_response.request_payment.DetailsRequest invoke():80:80 -> a
    18:18:com.app.thought_factory.shop_owner.request_response.request_payment.DetailsRequest invoke():79:79 -> a
com.app.thought_factory.shop_owner.MainActivity$onCreate$2$2 -> com.app.thought_factory.shop_owner.c:
    com.app.thought_factory.shop_owner.MainActivity$onCreate$2 this$0 -> a
    io.flutter.plugin.common.MethodChannel$Result $result -> b
    1:1:void <init>(com.app.thought_factory.shop_owner.MainActivity$onCreate$2,io.flutter.plugin.common.MethodChannel$Result):102:102 -> <init>
    1:4:void onResponse(retrofit2.Call,retrofit2.Response):107:110 -> a
    5:8:void onResponse(retrofit2.Call,retrofit2.Response):148:151 -> a
    9:9:void onResponse(retrofit2.Call,retrofit2.Response):112:112 -> a
    10:10:void onFailure(retrofit2.Call,java.lang.Throwable):161:161 -> a
com.app.thought_factory.shop_owner.PaymentApiCallingActivity -> com.app.thought_factory.shop_owner.PaymentApiCallingActivity:
    1:1:void <init>():19:19 -> <init>
    1:1:void callApiPayment():27:27 -> a
    2:4:void callApiPayment():29:31 -> a
    5:5:void callApiPayment():34:34 -> a
    6:6:void callApiPayment():56:56 -> a
    7:7:void callApiPayment():58:58 -> a
    1:3:void onCreate(android.os.Bundle):21:23 -> onCreate
...
retrofit2.Platform$Android$MainThreadExecutor -> g.s$a$a:
    android.os.Handler handler -> a
    1:2:void <init>():100:101 -> <init>
    1:1:void execute(java.lang.Runnable):104:104 -> execute
retrofit2.Platform$Java8 -> g.s$b:
    1:1:void <init>():72:72 -> <init>
    1:1:boolean isDefaultMethod(java.lang.reflect.Method):74:74 -> a
    2:7:java.lang.Object invokeDefaultMethod(java.lang.reflect.Method,java.lang.Class,java.lang.Object,java.lang.Object[]):81:86 -> a
retrofit2.RequestBuilder -> g.t:
    char[] HEX_DIGITS -> a
    okhttp3.HttpUrl baseUrl -> c
    okhttp3.HttpUrl$Builder urlBuilder -> e
    okhttp3.Request$Builder requestBuilder -> f
    okhttp3.MediaType contentType -> g
    okhttp3.RequestBody body -> k
    boolean hasBody -> h
    okhttp3.FormBody$Builder formBuilder -> j
    java.lang.String method -> b
    java.lang.String relativeUrl -> d
    okhttp3.MultipartBody$Builder multipartBuilder -> i
    1:1:void <clinit>():31:31 -> <clinit>
    1:7:void <init>(java.lang.String,okhttp3.HttpUrl,java.lang.String,okhttp3.Headers,okhttp3.MediaType,boolean,boolean,boolean):51:57 -> <init>
    8:8:void <init>(java.lang.String,okhttp3.HttpUrl,java.lang.String,okhttp3.Headers,okhttp3.MediaType,boolean,boolean,boolean):60:60 -> <init>
    9:9:void <init>(java.lang.String,okhttp3.HttpUrl,java.lang.String,okhttp3.Headers,okhttp3.MediaType,boolean,boolean,boolean):65:65 -> <init>
    10:11:void <init>(java.lang.String,okhttp3.HttpUrl,java.lang.String,okhttp3.Headers,okhttp3.MediaType,boolean,boolean,boolean):68:69 -> <init>
    1:1:void setRelativeUrl(java.lang.Object):74:74 -> a
    2:3:void addHeader(java.lang.String,java.lang.String):78:79 -> a
    4:4:void addHeader(java.lang.String,java.lang.String):83:83 -> a
    5:5:void addHeader(java.lang.String,java.lang.String):81:81 -> a
    6:6:void addHeader(java.lang.String,java.lang.String):85:85 -> a
    7:8:java.lang.String canonicalizeForPath(java.lang.String,boolean):99:100 -> a
retrofit2.RequestBuilder$ContentTypeOverridingRequestBody -> g.t$a:
    okhttp3.RequestBody delegate -> a
    okhttp3.MediaType contentType -> b
    1:3:void <init>(okhttp3.RequestBody,okhttp3.MediaType):236:238 -> <init>
    1:1:long contentLength():246:246 -> a
    2:2:void writeTo(okio.BufferedSink):250:250 -> a
    1:1:okhttp3.MediaType contentType():242:242 -> b
retrofit2.Response -> g.u:
    okhttp3.ResponseBody errorBody -> c
    okhttp3.Response rawResponse -> a
    java.lang.Object body -> b
    1:4:void <init>(okhttp3.Response,java.lang.Object,okhttp3.ResponseBody):94:97 -> <init>
    1:2:retrofit2.Response success(java.lang.Object,okhttp3.Response):58:59 -> a
    3:3:retrofit2.Response success(java.lang.Object,okhttp3.Response):62:62 -> a
    4:4:retrofit2.Response success(java.lang.Object,okhttp3.Response):60:60 -> a
    5:7:retrofit2.Response error(okhttp3.ResponseBody,okhttp3.Response):81:83 -> a
    8:8:retrofit2.Response error(okhttp3.ResponseBody,okhttp3.Response):86:86 -> a
    9:9:retrofit2.Response error(okhttp3.ResponseBody,okhttp3.Response):84:84 -> a
    10:10:java.lang.Object body():127:127 -> a
    1:1:boolean isSuccessful():122:122 -> b
    1:1:java.lang.String toString():136:136 -> toString